Using pre-set license
Built from '2020.3/staging' branch; Version is '2020.3.3f1 (76626098c1c4) revision 7758432'; Using compiler version '192528614'; Build Type 'Release'
OS: 'Windows 10 Home; OS build 19041.928; Version 2004; 64bit' Language: 'en' Physical Memory: 32694 MB
BatchMode: 1, IsHumanControllingUs: 0, StartBugReporterOnCrash: 0, Is64bit: 1, IsPro: 0

 COMMAND LINE ARGUMENTS:
C:\Program Files\Unity\Hub\Editor\2020.3.3f1\Editor\Unity.exe
-adb2
-batchMode
-noUpm
-name
AssetImportWorker0
-projectPath
C:/Users/arkr3/Desktop/School stuff/Term 2/Cross-Platform Programing 1/TestProj
-logFile
Logs/AssetImportWorker0.log
-srvPort
49887
Successfully changed project path to: C:/Users/arkr3/Desktop/School stuff/Term 2/Cross-Platform Programing 1/TestProj
C:/Users/arkr3/Desktop/School stuff/Term 2/Cross-Platform Programing 1/TestProj
Using Asset Import Pipeline V2.
Refreshing native plugins compatible for Editor in 33.59 ms, found 1 plugins.
Preloading 0 native plugins for Editor in 0.00 ms.
Initialize engine version: 2020.3.3f1 (76626098c1c4)
[Subsystems] Discovering subsystems at path C:/Program Files/Unity/Hub/Editor/2020.3.3f1/Editor/Data/Resources/UnitySubsystems
[Subsystems] Discovering subsystems at path C:/Users/arkr3/Desktop/School stuff/Term 2/Cross-Platform Programing 1/TestProj/Assets
GfxDevice: creating device client; threaded=0
Direct3D:
    Version:  Direct3D 11.0 [level 11.1]
    Renderer: NVIDIA GeForce RTX 3070 (ID=0x2484)
    Vendor:   
    VRAM:     8043 MB
    Driver:   27.21.14.6589
Initialize mono
Mono path[0] = 'C:/Program Files/Unity/Hub/Editor/2020.3.3f1/Editor/Data/Managed'
Mono path[1] = 'C:/Program Files/Unity/Hub/Editor/2020.3.3f1/Editor/Data/MonoBleedingEdge/lib/mono/unityjit'
Mono config path = 'C:/Program Files/Unity/Hub/Editor/2020.3.3f1/Editor/Data/MonoBleedingEdge/etc'
Using monoOptions --debugger-agent=transport=dt_socket,embedding=1,server=y,suspend=n,address=127.0.0.1:56960
Begin MonoManager ReloadAssembly
Registering precompiled unity dll's ...
Register platform support module: C:/Program Files/Unity/Hub/Editor/2020.3.3f1/Editor/Data/PlaybackEngines/WindowsStandaloneSupport/UnityEditor.WindowsStandalone.Extensions.dll
Registered in 0.002051 seconds.
Native extension for WindowsStandalone target not found
Refreshing native plugins compatible for Editor in 36.95 ms, found 1 plugins.
Preloading 0 native plugins for Editor in 0.00 ms.
Invoked RoslynAnalysisRunner static constructor.
RoslynAnalysisRunner will not be running.
RoslynAnalysisRunner has terminated.
Mono: successfully reloaded assembly
- Completed reload, in  0.983 seconds
Platform modules already initialized, skipping
Registering precompiled user dll's ...
Registered in 0.001144 seconds.
Begin MonoManager ReloadAssembly
Native extension for WindowsStandalone target not found
Refreshing native plugins compatible for Editor in 34.24 ms, found 1 plugins.
Preloading 0 native plugins for Editor in 0.00 ms.
Invoked RoslynAnalysisRunner static constructor.
RoslynAnalysisRunner will not be running.
RoslynAnalysisRunner has terminated.
Mono: successfully reloaded assembly
- Completed reload, in  0.830 seconds
Platform modules already initialized, skipping
========================================================================
Worker process is ready to serve import requests
Launched and connected shader compiler UnityShaderCompiler.exe after 0.05 seconds
Refreshing native plugins compatible for Editor in 0.50 ms, found 1 plugins.
Preloading 0 native plugins for Editor in 0.00 ms.
Unloading 1808 Unused Serialized files (Serialized files now loaded: 0)
System memory in use before: 85.4 MB.
System memory in use after: 85.4 MB.

Unloading 24 unused Assets to reduce memory usage. Loaded Objects now: 2250.
Total: 2.270600 ms (FindLiveObjects: 0.339200 ms CreateObjectMapping: 0.046100 ms MarkObjects: 1.742600 ms  DeleteObjects: 0.141400 ms)

========================================================================
Received Import Request.
  path: Assets/Scenes
  artifactKey: Guid(7b6f08a0669ea1448a6a8b82e66dd62f) Importer(815301076,1909f56bfc062723c751e8b465ee728b)
Start importing Assets/Scenes using Guid(7b6f08a0669ea1448a6a8b82e66dd62f) Importer(815301076,1909f56bfc062723c751e8b465ee728b)  -> (artifact id: '07f471e821b2d992d9885539b280db6a') in 0.005847 seconds
  Import took 0.008639 seconds .

========================================================================
Received Import Request.
  Time since last request: 172.901215 seconds.
  path: Assets/Sprites
  artifactKey: Guid(c02fd0ac1f7fcf94aac13d239f358027) Importer(815301076,1909f56bfc062723c751e8b465ee728b)
Start importing Assets/Sprites using Guid(c02fd0ac1f7fcf94aac13d239f358027) Importer(815301076,1909f56bfc062723c751e8b465ee728b)  -> (artifact id: '9d2bb6b71f8e48b638687e3639ab798c') in 0.002521 seconds
  Import took 0.005569 seconds .

========================================================================
Received Import Request.
  Time since last request: 6.541389 seconds.
  path: Assets/Sprites/Player
  artifactKey: Guid(2203ff0c6e875be43b8d03c6924c591f) Importer(815301076,1909f56bfc062723c751e8b465ee728b)
Start importing Assets/Sprites/Player using Guid(2203ff0c6e875be43b8d03c6924c591f) Importer(815301076,1909f56bfc062723c751e8b465ee728b)  -> (artifact id: 'c53387d0ef759dc8bf6465f17a6cc1ef') in 0.002303 seconds
  Import took 0.005118 seconds .

========================================================================
Received Import Request.
  Time since last request: 7.401841 seconds.
  path: Assets/Sprites/Enamies
  artifactKey: Guid(a2efce158428e784c9763bbe0b421e8d) Importer(815301076,1909f56bfc062723c751e8b465ee728b)
Start importing Assets/Sprites/Enamies using Guid(a2efce158428e784c9763bbe0b421e8d) Importer(815301076,1909f56bfc062723c751e8b465ee728b)  -> (artifact id: 'a2160667d855052940b7fc3f2f300733') in 0.002837 seconds
  Import took 0.005850 seconds .

========================================================================
Received Import Request.
  Time since last request: 12.972832 seconds.
  path: Assets/Sprites/Enemies
  artifactKey: Guid(a2efce158428e784c9763bbe0b421e8d) Importer(815301076,1909f56bfc062723c751e8b465ee728b)
Start importing Assets/Sprites/Enemies using Guid(a2efce158428e784c9763bbe0b421e8d) Importer(815301076,1909f56bfc062723c751e8b465ee728b)  -> (artifact id: 'e779f617f2a31070ea2d4e09af1392a2') in 0.002374 seconds
  Import took 0.005036 seconds .

========================================================================
Received Import Request.
  Time since last request: 73.132757 seconds.
  path: Assets/Sprites/Player/Sprite_Mario.png
  artifactKey: Guid(637142044ae242b4faaa4d73d26e698b) Importer(815301076,1909f56bfc062723c751e8b465ee728b)
Start importing Assets/Sprites/Player/Sprite_Mario.png using Guid(637142044ae242b4faaa4d73d26e698b) Importer(815301076,1909f56bfc062723c751e8b465ee728b)  -> (artifact id: '7009a7ab985f405d71b83a584acbf02c') in 0.118544 seconds
  Import took 0.121810 seconds .

========================================================================
Received Import Request.
  Time since last request: 62.768552 seconds.
  path: Assets/Sprites/misc
  artifactKey: Guid(2528af2374336684589bd9bdd2285ef7) Importer(815301076,1909f56bfc062723c751e8b465ee728b)
Start importing Assets/Sprites/misc using Guid(2528af2374336684589bd9bdd2285ef7) Importer(815301076,1909f56bfc062723c751e8b465ee728b)  -> (artifact id: '29916979f947a7ab7a99dfd1f3256ed3') in 0.002324 seconds
  Import took 0.005228 seconds .

========================================================================
Received Import Request.
  Time since last request: 4.361158 seconds.
  path: Assets/Sprites/misc/DonutPlains1_DONE.png
  artifactKey: Guid(96c50cab52cdfda4dab472aadf8667cd) Importer(815301076,1909f56bfc062723c751e8b465ee728b)
Start importing Assets/Sprites/misc/DonutPlains1_DONE.png using Guid(96c50cab52cdfda4dab472aadf8667cd) Importer(815301076,1909f56bfc062723c751e8b465ee728b)  -> (artifact id: 'daceff22e6cee0c0a8fbb8c966e03657') in 0.014609 seconds
  Import took 0.017667 seconds .

========================================================================
Received Import Request.
  Time since last request: 0.001915 seconds.
  path: Assets/Sprites/misc/DonutPlains1_DONE.png
  artifactKey: Guid(96c50cab52cdfda4dab472aadf8667cd) Importer(815301076,1909f56bfc062723c751e8b465ee728b)
Start importing Assets/Sprites/misc/DonutPlains1_DONE.png using Guid(96c50cab52cdfda4dab472aadf8667cd) Importer(815301076,1909f56bfc062723c751e8b465ee728b)  -> (artifact id: 'daceff22e6cee0c0a8fbb8c966e03657') in 0.007508 seconds
  Import took 0.010172 seconds .

========================================================================
Received Import Request.
  Time since last request: 18.601493 seconds.
  path: Assets/Sprites/misc/SuperMarioWorld-ChocolateIsland-ChocolateIsland1.png
  artifactKey: Guid(212e0f7f9a929144298612542d008639) Importer(815301076,1909f56bfc062723c751e8b465ee728b)
Start importing Assets/Sprites/misc/SuperMarioWorld-ChocolateIsland-ChocolateIsland1.png using Guid(212e0f7f9a929144298612542d008639) Importer(815301076,1909f56bfc062723c751e8b465ee728b)  -> (artifact id: '68cdbfc98a65a1a052a7068d137fad31') in 0.018991 seconds
  Import took 0.022753 seconds .

========================================================================
Received Import Request.
  Time since last request: 33.107863 seconds.
  path: Assets/Sprites/Enemies/Sprite_Enemies.png
  artifactKey: Guid(b02e73d91387c8246a16af6e1762583a) Importer(815301076,1909f56bfc062723c751e8b465ee728b)
Start importing Assets/Sprites/Enemies/Sprite_Enemies.png using Guid(b02e73d91387c8246a16af6e1762583a) Importer(815301076,1909f56bfc062723c751e8b465ee728b)  -> (artifact id: '490faa222e8ce09cc54d8eb9f8e23c09') in 0.017581 seconds
  Import took 0.020822 seconds .

========================================================================
Received Import Request.
  Time since last request: 84.799976 seconds.
  path: Assets/Sprites/misc/DonutPlains1_DONE.png
  artifactKey: Guid(96c50cab52cdfda4dab472aadf8667cd) Importer(815301076,1909f56bfc062723c751e8b465ee728b)
Start importing Assets/Sprites/misc/DonutPlains1_DONE.png using Guid(96c50cab52cdfda4dab472aadf8667cd) Importer(815301076,1909f56bfc062723c751e8b465ee728b)  -> (artifact id: '719fbf58f7b790a9bac0f6f58b4cd2d4') in 0.006726 seconds
  Import took 0.009888 seconds .

========================================================================
Received Import Request.
  Time since last request: 0.003282 seconds.
  path: Assets/Sprites/misc/DonutPlains1_DONE.png
  artifactKey: Guid(96c50cab52cdfda4dab472aadf8667cd) Importer(815301076,1909f56bfc062723c751e8b465ee728b)
Start importing Assets/Sprites/misc/DonutPlains1_DONE.png using Guid(96c50cab52cdfda4dab472aadf8667cd) Importer(815301076,1909f56bfc062723c751e8b465ee728b)  -> (artifact id: '719fbf58f7b790a9bac0f6f58b4cd2d4') in 0.006797 seconds
  Import took 0.009553 seconds .

========================================================================
Received Import Request.
  Time since last request: 529.876098 seconds.
  path: Assets/Sprites/misc/DonutPlains1_DONE.png
  artifactKey: Guid(96c50cab52cdfda4dab472aadf8667cd) Importer(815301076,1909f56bfc062723c751e8b465ee728b)
Start importing Assets/Sprites/misc/DonutPlains1_DONE.png using Guid(96c50cab52cdfda4dab472aadf8667cd) Importer(815301076,1909f56bfc062723c751e8b465ee728b)  -> (artifact id: 'a824c1cbe9659412827db9d38fdda9cb') in 0.052788 seconds
  Import took 0.055953 seconds .

========================================================================
Received Import Request.
  Time since last request: 198.445670 seconds.
  path: Assets/Sprites/misc/DonutPlains1_DONE.png
  artifactKey: Guid(96c50cab52cdfda4dab472aadf8667cd) Importer(815301076,1909f56bfc062723c751e8b465ee728b)
Start importing Assets/Sprites/misc/DonutPlains1_DONE.png using Guid(96c50cab52cdfda4dab472aadf8667cd) Importer(815301076,1909f56bfc062723c751e8b465ee728b)  -> (artifact id: '85830d47bdbdc199e5e077fe38bc273c') in 0.045007 seconds
  Import took 0.048438 seconds .

========================================================================
Received Import Request.
  Time since last request: 17.352226 seconds.
  path: Assets/Sprites/misc/DonutPlains1_DONE.png
  artifactKey: Guid(96c50cab52cdfda4dab472aadf8667cd) Importer(815301076,1909f56bfc062723c751e8b465ee728b)
Start importing Assets/Sprites/misc/DonutPlains1_DONE.png using Guid(96c50cab52cdfda4dab472aadf8667cd) Importer(815301076,1909f56bfc062723c751e8b465ee728b)  -> (artifact id: 'f69d842cec6bbad6a5c8eac1e55f1d72') in 0.044634 seconds
  Import took 0.048031 seconds .

========================================================================
Received Import Request.
  Time since last request: 8.110874 seconds.
  path: Assets/Sprites/misc/DonutPlains1_DONE.png
  artifactKey: Guid(96c50cab52cdfda4dab472aadf8667cd) Importer(815301076,1909f56bfc062723c751e8b465ee728b)
Start importing Assets/Sprites/misc/DonutPlains1_DONE.png using Guid(96c50cab52cdfda4dab472aadf8667cd) Importer(815301076,1909f56bfc062723c751e8b465ee728b)  -> (artifact id: '10d113b42db7e5ad967373964cbbf0dd') in 0.049378 seconds
  Import took 0.052600 seconds .

========================================================================
Received Import Request.
  Time since last request: 7.690586 seconds.
  path: Assets/Sprites/misc/DonutPlains1_DONE.png
  artifactKey: Guid(96c50cab52cdfda4dab472aadf8667cd) Importer(815301076,1909f56bfc062723c751e8b465ee728b)
Start importing Assets/Sprites/misc/DonutPlains1_DONE.png using Guid(96c50cab52cdfda4dab472aadf8667cd) Importer(815301076,1909f56bfc062723c751e8b465ee728b)  -> (artifact id: '82e0a2a3ec22c2954738bb34c8612156') in 0.041360 seconds
  Import took 0.044697 seconds .

========================================================================
Received Import Request.
  Time since last request: 25.985373 seconds.
  path: Assets/Sprites/misc/DonutPlains1_DONE.png
  artifactKey: Guid(96c50cab52cdfda4dab472aadf8667cd) Importer(815301076,1909f56bfc062723c751e8b465ee728b)
Start importing Assets/Sprites/misc/DonutPlains1_DONE.png using Guid(96c50cab52cdfda4dab472aadf8667cd) Importer(815301076,1909f56bfc062723c751e8b465ee728b)  -> (artifact id: 'cca5bce9fe8ae3bd42b7781c798cbf0f') in 0.052474 seconds
  Import took 0.055940 seconds .

========================================================================
Received Import Request.
  Time since last request: 3.286625 seconds.
  path: Assets/Sprites/misc/DonutPlains1_DONE.png
  artifactKey: Guid(96c50cab52cdfda4dab472aadf8667cd) Importer(815301076,1909f56bfc062723c751e8b465ee728b)
Start importing Assets/Sprites/misc/DonutPlains1_DONE.png using Guid(96c50cab52cdfda4dab472aadf8667cd) Importer(815301076,1909f56bfc062723c751e8b465ee728b)  -> (artifact id: '6f2025b566718beb9929462c46da76f2') in 0.039599 seconds
  Import took 0.042695 seconds .

========================================================================
Received Import Request.
  Time since last request: 111.272882 seconds.
  path: Assets/Sprites/misc/DonutPlains1_DONE.png
  artifactKey: Guid(96c50cab52cdfda4dab472aadf8667cd) Importer(815301076,1909f56bfc062723c751e8b465ee728b)
Start importing Assets/Sprites/misc/DonutPlains1_DONE.png using Guid(96c50cab52cdfda4dab472aadf8667cd) Importer(815301076,1909f56bfc062723c751e8b465ee728b)  -> (artifact id: '2d72ca646c4259692b428c22e649e015') in 0.034010 seconds
  Import took 0.037422 seconds .

========================================================================
Received Import Request.
  Time since last request: 0.000497 seconds.
  path: Assets/Sprites/misc/DonutPlains1_DONE.png
  artifactKey: Guid(96c50cab52cdfda4dab472aadf8667cd) Importer(815301076,1909f56bfc062723c751e8b465ee728b)
Start importing Assets/Sprites/misc/DonutPlains1_DONE.png using Guid(96c50cab52cdfda4dab472aadf8667cd) Importer(815301076,1909f56bfc062723c751e8b465ee728b)  -> (artifact id: '2d72ca646c4259692b428c22e649e015') in 0.040167 seconds
  Import took 0.042800 seconds .

========================================================================
Received Import Request.
  Time since last request: 10.435018 seconds.
  path: Assets/Sprites/misc/DonutPlains1_DONE.png
  artifactKey: Guid(96c50cab52cdfda4dab472aadf8667cd) Importer(815301076,1909f56bfc062723c751e8b465ee728b)
Start importing Assets/Sprites/misc/DonutPlains1_DONE.png using Guid(96c50cab52cdfda4dab472aadf8667cd) Importer(815301076,1909f56bfc062723c751e8b465ee728b)  -> (artifact id: 'ff8cfecf86a613683cc56ff676c511e5') in 0.028742 seconds
  Import took 0.031989 seconds .

========================================================================
Received Import Request.
  Time since last request: 0.000317 seconds.
  path: Assets/Sprites/misc/DonutPlains1_DONE.png
  artifactKey: Guid(96c50cab52cdfda4dab472aadf8667cd) Importer(815301076,1909f56bfc062723c751e8b465ee728b)
Start importing Assets/Sprites/misc/DonutPlains1_DONE.png using Guid(96c50cab52cdfda4dab472aadf8667cd) Importer(815301076,1909f56bfc062723c751e8b465ee728b)  -> (artifact id: 'ff8cfecf86a613683cc56ff676c511e5') in 0.045188 seconds
  Import took 0.048620 seconds .

========================================================================
Received Import Request.
  Time since last request: 137.564387 seconds.
  path: Assets/Sprites/misc/DonutPlains1_DONE.png
  artifactKey: Guid(96c50cab52cdfda4dab472aadf8667cd) Importer(815301076,1909f56bfc062723c751e8b465ee728b)
Start importing Assets/Sprites/misc/DonutPlains1_DONE.png using Guid(96c50cab52cdfda4dab472aadf8667cd) Importer(815301076,1909f56bfc062723c751e8b465ee728b)  -> (artifact id: 'd6a262088a9a49439a9de21915983f3a') in 0.045677 seconds
  Import took 0.049090 seconds .

========================================================================
Received Import Request.
  Time since last request: 4.823629 seconds.
  path: Assets/Sprites/misc/DonutPlains1_DONE.png
  artifactKey: Guid(96c50cab52cdfda4dab472aadf8667cd) Importer(815301076,1909f56bfc062723c751e8b465ee728b)
Start importing Assets/Sprites/misc/DonutPlains1_DONE.png using Guid(96c50cab52cdfda4dab472aadf8667cd) Importer(815301076,1909f56bfc062723c751e8b465ee728b)  -> (artifact id: '4f501d0b1d0ab74699ae570ec92863ec') in 0.060487 seconds
  Import took 0.063690 seconds .

========================================================================
Received Import Request.
  Time since last request: 192.675937 seconds.
  path: Assets/Sprites/Player/Sprite_Mario.png
  artifactKey: Guid(637142044ae242b4faaa4d73d26e698b) Importer(815301076,1909f56bfc062723c751e8b465ee728b)
Start importing Assets/Sprites/Player/Sprite_Mario.png using Guid(637142044ae242b4faaa4d73d26e698b) Importer(815301076,1909f56bfc062723c751e8b465ee728b)  -> (artifact id: '82e70b348b9674e93d3e38de5ada4035') in 0.006263 seconds
  Import took 0.009469 seconds .

========================================================================
Received Import Request.
  Time since last request: 111.557243 seconds.
  path: Assets/Sprites/Player/Sprite_Mario.png
  artifactKey: Guid(637142044ae242b4faaa4d73d26e698b) Importer(815301076,1909f56bfc062723c751e8b465ee728b)
Start importing Assets/Sprites/Player/Sprite_Mario.png using Guid(637142044ae242b4faaa4d73d26e698b) Importer(815301076,1909f56bfc062723c751e8b465ee728b)  -> (artifact id: 'e15ea3f014f106350da9a4fde8928055') in 0.087985 seconds
  Import took 0.091684 seconds .

========================================================================
Received Import Request.
  Time since last request: 58.791295 seconds.
  path: Assets/Sprites/Player/Sprite_Mario.png
  artifactKey: Guid(637142044ae242b4faaa4d73d26e698b) Importer(815301076,1909f56bfc062723c751e8b465ee728b)
Start importing Assets/Sprites/Player/Sprite_Mario.png using Guid(637142044ae242b4faaa4d73d26e698b) Importer(815301076,1909f56bfc062723c751e8b465ee728b)  -> (artifact id: 'c2a11b8b8a42a85b4049c436226e0e9d') in 0.112646 seconds
  Import took 0.115870 seconds .

========================================================================
Received Import Request.
  Time since last request: 356.227945 seconds.
  path: ProjectSettings/TagManager.asset
  artifactKey: Guid(00000000000000003000000000000000) Importer(815301076,1909f56bfc062723c751e8b465ee728b)
Start importing ProjectSettings/TagManager.asset using Guid(00000000000000003000000000000000) Importer(815301076,1909f56bfc062723c751e8b465ee728b)  -> (artifact id: '3125bf62d54dbcdd0ce3e4c540a7aa4e') in 0.006906 seconds
  Import took 0.010188 seconds .

========================================================================
Received Import Request.
  Time since last request: 459.464435 seconds.
  path: Assets/Sprites/Player/Sprite_Mario.png
  artifactKey: Guid(637142044ae242b4faaa4d73d26e698b) Importer(815301076,1909f56bfc062723c751e8b465ee728b)
Start importing Assets/Sprites/Player/Sprite_Mario.png using Guid(637142044ae242b4faaa4d73d26e698b) Importer(815301076,1909f56bfc062723c751e8b465ee728b)  -> (artifact id: '5ee0b78c4093cb8ce3c242dacc2347b8') in 0.136694 seconds
  Import took 0.140321 seconds .

========================================================================
Received Import Request.
  Time since last request: 11.493087 seconds.
  path: Assets/Sprites/Player/Sprite_Mario.png
  artifactKey: Guid(637142044ae242b4faaa4d73d26e698b) Importer(815301076,1909f56bfc062723c751e8b465ee728b)
Start importing Assets/Sprites/Player/Sprite_Mario.png using Guid(637142044ae242b4faaa4d73d26e698b) Importer(815301076,1909f56bfc062723c751e8b465ee728b)  -> (artifact id: '67bfd52609cccd8d86b588884a1e00c3') in 0.073522 seconds
  Import took 0.076675 seconds .

========================================================================
Received Prepare
Registering precompiled user dll's ...
Registered in 0.001244 seconds.
Begin MonoManager ReloadAssembly
Native extension for WindowsStandalone target not found
Refreshing native plugins compatible for Editor in 0.85 ms, found 1 plugins.
Preloading 0 native plugins for Editor in 0.00 ms.
Invoked RoslynAnalysisRunner static constructor.
RoslynAnalysisRunner will not be running.
RoslynAnalysisRunner has terminated.
Mono: successfully reloaded assembly
- Completed reload, in  0.793 seconds
Platform modules already initialized, skipping
Refreshing native plugins compatible for Editor in 0.41 ms, found 1 plugins.
Preloading 0 native plugins for Editor in 0.00 ms.
Unloading 1803 Unused Serialized files (Serialized files now loaded: 0)
System memory in use before: 88.7 MB.
System memory in use after: 88.6 MB.

Unloading 13 unused Assets to reduce memory usage. Loaded Objects now: 2383.
Total: 2.426300 ms (FindLiveObjects: 0.334900 ms CreateObjectMapping: 0.138400 ms MarkObjects: 1.847400 ms  DeleteObjects: 0.104300 ms)

========================================================================
Received Prepare
Registering precompiled user dll's ...
Registered in 0.001075 seconds.
Begin MonoManager ReloadAssembly
Native extension for WindowsStandalone target not found
Refreshing native plugins compatible for Editor in 0.42 ms, found 1 plugins.
Preloading 0 native plugins for Editor in 0.00 ms.
Invoked RoslynAnalysisRunner static constructor.
RoslynAnalysisRunner will not be running.
RoslynAnalysisRunner has terminated.
Mono: successfully reloaded assembly
- Completed reload, in  0.762 seconds
Platform modules already initialized, skipping
Refreshing native plugins compatible for Editor in 0.41 ms, found 1 plugins.
Preloading 0 native plugins for Editor in 0.00 ms.
Unloading 1803 Unused Serialized files (Serialized files now loaded: 0)
System memory in use before: 88.7 MB.
System memory in use after: 88.7 MB.

Unloading 12 unused Assets to reduce memory usage. Loaded Objects now: 2387.
Total: 2.676000 ms (FindLiveObjects: 0.342200 ms CreateObjectMapping: 0.164600 ms MarkObjects: 2.045100 ms  DeleteObjects: 0.122800 ms)

========================================================================
Received Prepare
Registering precompiled user dll's ...
Registered in 0.001176 seconds.
Begin MonoManager ReloadAssembly
Native extension for WindowsStandalone target not found
Refreshing native plugins compatible for Editor in 0.45 ms, found 1 plugins.
Preloading 0 native plugins for Editor in 0.00 ms.
Invoked RoslynAnalysisRunner static constructor.
RoslynAnalysisRunner will not be running.
RoslynAnalysisRunner has terminated.
Mono: successfully reloaded assembly
- Completed reload, in  0.759 seconds
Platform modules already initialized, skipping
Refreshing native plugins compatible for Editor in 0.46 ms, found 1 plugins.
Preloading 0 native plugins for Editor in 0.00 ms.
Unloading 1803 Unused Serialized files (Serialized files now loaded: 0)
System memory in use before: 88.7 MB.
System memory in use after: 88.7 MB.

Unloading 12 unused Assets to reduce memory usage. Loaded Objects now: 2391.
Total: 3.163800 ms (FindLiveObjects: 0.559300 ms CreateObjectMapping: 0.047100 ms MarkObjects: 2.427100 ms  DeleteObjects: 0.128300 ms)

========================================================================
Received Prepare
Registering precompiled user dll's ...
Registered in 0.001142 seconds.
Begin MonoManager ReloadAssembly
Native extension for WindowsStandalone target not found
Refreshing native plugins compatible for Editor in 0.43 ms, found 1 plugins.
Preloading 0 native plugins for Editor in 0.00 ms.
Invoked RoslynAnalysisRunner static constructor.
RoslynAnalysisRunner will not be running.
RoslynAnalysisRunner has terminated.
Mono: successfully reloaded assembly
- Completed reload, in  0.734 seconds
Platform modules already initialized, skipping
Refreshing native plugins compatible for Editor in 0.41 ms, found 1 plugins.
Preloading 0 native plugins for Editor in 0.00 ms.
Unloading 1803 Unused Serialized files (Serialized files now loaded: 0)
System memory in use before: 88.7 MB.
System memory in use after: 88.7 MB.

Unloading 12 unused Assets to reduce memory usage. Loaded Objects now: 2395.
Total: 2.574800 ms (FindLiveObjects: 0.345800 ms CreateObjectMapping: 0.047500 ms MarkObjects: 2.053300 ms  DeleteObjects: 0.126500 ms)

========================================================================
Received Import Request.
  Time since last request: 5319.151391 seconds.
  path: Assets/Sprites/Player/Sprite_Mario.png
  artifactKey: Guid(637142044ae242b4faaa4d73d26e698b) Importer(815301076,1909f56bfc062723c751e8b465ee728b)
Start importing Assets/Sprites/Player/Sprite_Mario.png using Guid(637142044ae242b4faaa4d73d26e698b) Importer(815301076,1909f56bfc062723c751e8b465ee728b)  -> (artifact id: 'e31467fc3357fd95fc28b53d1d5f5454') in 0.120064 seconds
  Import took 0.123717 seconds .

========================================================================
Received Import Request.
  Time since last request: 31.281971 seconds.
  path: Assets/Sprites/Player/Sprite_Mario.png
  artifactKey: Guid(637142044ae242b4faaa4d73d26e698b) Importer(815301076,1909f56bfc062723c751e8b465ee728b)
Start importing Assets/Sprites/Player/Sprite_Mario.png using Guid(637142044ae242b4faaa4d73d26e698b) Importer(815301076,1909f56bfc062723c751e8b465ee728b)  -> (artifact id: '9df5f314eb1025032549d03994612f3b') in 0.108023 seconds
  Import took 0.111134 seconds .

========================================================================
Received Import Request.
  Time since last request: 701.095895 seconds.
  path: Assets/Sprites/Player/Sprite_Mario.png
  artifactKey: Guid(637142044ae242b4faaa4d73d26e698b) Importer(815301076,1909f56bfc062723c751e8b465ee728b)
Start importing Assets/Sprites/Player/Sprite_Mario.png using Guid(637142044ae242b4faaa4d73d26e698b) Importer(815301076,1909f56bfc062723c751e8b465ee728b)  -> (artifact id: 'b41d452b9e0710052bb38e479091fd0e') in 0.081753 seconds
  Import took 0.085702 seconds .

========================================================================
Received Import Request.
  Time since last request: 275.311224 seconds.
  path: Assets/Sprites/Enemies/Sprite_Enemies.png
  artifactKey: Guid(b02e73d91387c8246a16af6e1762583a) Importer(815301076,1909f56bfc062723c751e8b465ee728b)
Start importing Assets/Sprites/Enemies/Sprite_Enemies.png using Guid(b02e73d91387c8246a16af6e1762583a) Importer(815301076,1909f56bfc062723c751e8b465ee728b)  -> (artifact id: 'c02c231e57b814ed34978ad091aa6edf') in 0.010675 seconds
  Import took 0.014459 seconds .

========================================================================
Received Import Request.
  Time since last request: 159.471472 seconds.
  path: Assets/Sprites/Enemies/Sprite_Enemies.png
  artifactKey: Guid(b02e73d91387c8246a16af6e1762583a) Importer(815301076,1909f56bfc062723c751e8b465ee728b)
Start importing Assets/Sprites/Enemies/Sprite_Enemies.png using Guid(b02e73d91387c8246a16af6e1762583a) Importer(815301076,1909f56bfc062723c751e8b465ee728b)  -> (artifact id: '1ac75a67de29e7f16dce39ef77ad5b22') in 0.982873 seconds
  Import took 0.989320 seconds .

========================================================================
Received Import Request.
  Time since last request: 20.903180 seconds.
  path: Assets/Sprites/misc/SuperMarioWorld-ChocolateIsland-ChocolateIsland1.png
  artifactKey: Guid(212e0f7f9a929144298612542d008639) Importer(815301076,1909f56bfc062723c751e8b465ee728b)
Start importing Assets/Sprites/misc/SuperMarioWorld-ChocolateIsland-ChocolateIsland1.png using Guid(212e0f7f9a929144298612542d008639) Importer(815301076,1909f56bfc062723c751e8b465ee728b)  -> (artifact id: '9f88b4cbf7fb6846010417c3f610a68c') in 0.009770 seconds
  Import took 0.012953 seconds .

========================================================================
Received Import Request.
  Time since last request: 46.268790 seconds.
  path: Assets/Sprites/misc/SuperMarioWorld-ChocolateIsland-ChocolateIsland1.png
  artifactKey: Guid(212e0f7f9a929144298612542d008639) Importer(815301076,1909f56bfc062723c751e8b465ee728b)
Start importing Assets/Sprites/misc/SuperMarioWorld-ChocolateIsland-ChocolateIsland1.png using Guid(212e0f7f9a929144298612542d008639) Importer(815301076,1909f56bfc062723c751e8b465ee728b)  -> (artifact id: '46072332ccd2f319b13b291178da00ca') in 0.016730 seconds
  Import took 0.020006 seconds .

========================================================================
Received Import Request.
  Time since last request: 714.578427 seconds.
  path: Assets/Sprites/misc/DonutPlains1_DONE.png
  artifactKey: Guid(96c50cab52cdfda4dab472aadf8667cd) Importer(815301076,1909f56bfc062723c751e8b465ee728b)
Start importing Assets/Sprites/misc/DonutPlains1_DONE.png using Guid(96c50cab52cdfda4dab472aadf8667cd) Importer(815301076,1909f56bfc062723c751e8b465ee728b)  -> (artifact id: 'dc57123414e04b4386ca94513b61c87a') in 0.040885 seconds
  Import took 0.044735 seconds .

AssetImportWorkerClient::OnTransportError - code=2 error=End of file
